===== Point2Roof training job =====
Date: Tue May 12 17:59:21 CST 2026
Host: geog-hpc-compute1
Project: /geogfs1/home/u3666068/Point2Roof-master
Data: /geogfs1/groups/hkurs/u3666068mgh/Tallin
Config: model_cfg.yaml
Experiment tag: tallin_run
SLURM_JOB_ID: 8110
CUDA_VISIBLE_DEVICES before train.py: 1
Tue May 12 17:59:21 2026       
+-----------------------------------------------------------------------------------------+
| NVIDIA-SMI 575.57.08              Driver Version: 575.57.08      CUDA Version: 12.9     |
|-----------------------------------------+------------------------+----------------------+
| GPU  Name                 Persistence-M | Bus-Id          Disp.A | Volatile Uncorr. ECC |
| Fan  Temp   Perf          Pwr:Usage/Cap |           Memory-Usage | GPU-Util  Compute M. |
|                                         |                        |               MIG M. |
|=========================================+========================+======================|
|   0  NVIDIA H100 PCIe               On  |   00000000:03:00.0 Off |                    0 |
| N/A   34C    P0             51W /  350W |       0MiB /  81559MiB |      0%      Default |
|                                         |                        |             Disabled |
+-----------------------------------------+------------------------+----------------------+
|   1  NVIDIA H100 PCIe               On  |   00000000:04:00.0 Off |                    0 |
| N/A   48C    P0            165W /  350W |    6865MiB /  81559MiB |     48%      Default |
|                                         |                        |             Disabled |
+-----------------------------------------+------------------------+----------------------+
|   2  NVIDIA H100 PCIe               On  |   00000000:45:00.0 Off |                    0 |
| N/A   32C    P0             51W /  350W |       0MiB /  81559MiB |      0%      Default |
|                                         |                        |             Disabled |
+-----------------------------------------+------------------------+----------------------+
|   3  NVIDIA H100 PCIe               On  |   00000000:83:00.0 Off |                    0 |
| N/A   67C    P0            343W /  350W |   44405MiB /  81559MiB |     96%      Default |
|                                         |                        |             Disabled |
+-----------------------------------------+------------------------+----------------------+
|   4  NVIDIA H100 PCIe               On  |   00000000:C3:00.0 Off |                    0 |
| N/A   29C    P0             48W /  350W |       0MiB /  81559MiB |      0%      Default |
|                                         |                        |             Disabled |
+-----------------------------------------+------------------------+----------------------+
|   5  NVIDIA H100 PCIe               On  |   00000000:C4:00.0 Off |                    0 |
| N/A   30C    P0             48W /  350W |       0MiB /  81559MiB |      0%      Default |
|                                         |                        |             Disabled |
+-----------------------------------------+------------------------+----------------------+
                                                                                         
+-----------------------------------------------------------------------------------------+
| Processes:                                                                              |
|  GPU   GI   CI              PID   Type   Process name                        GPU Memory |
|        ID   ID                                                               Usage      |
|=========================================================================================|
|    1   N/A  N/A         3267104      C   python                                 6856MiB |
|    3   N/A  N/A           37022      C   python                                44396MiB |
+-----------------------------------------------------------------------------------------+
Python 3.9.25
Command: python -u train.py --cfg_file model_cfg.yaml --data_path /geogfs1/groups/hkurs/u3666068mgh/Tallin --extra_tag tallin_run --gpu 0
