===== Point2Roof training job =====
Date: Mon May 18 20:55:47 CST 2026
Host: geog-hpc-compute1
Project: /geogfs1/home/u3666068/Point2Roof-master
Data: /geogfs1/groups/hkurs/u3666068mgh/Tallin/train_list_subset_4096.txt
Raw root: /geogfs1/groups/hkurs/u3666068mgh/Tallin
Processed root: /geogfs1/groups/hkurs/u3666068mgh/Tallin/bwformer_trainval_256
Subset list: /geogfs1/groups/hkurs/u3666068mgh/Tallin/train_list_subset_4096.txt
Config: model_cfg.yaml
Experiment tag: tallin_subset_4096
SLURM_JOB_ID: 8479
CUDA_VISIBLE_DEVICES before train.py: 3
Mon May 18 20:55:47 2026       
+-----------------------------------------------------------------------------------------+
| NVIDIA-SMI 575.57.08              Driver Version: 575.57.08      CUDA Version: 12.9     |
|-----------------------------------------+------------------------+----------------------+
| GPU  Name                 Persistence-M | Bus-Id          Disp.A | Volatile Uncorr. ECC |
| Fan  Temp   Perf          Pwr:Usage/Cap |           Memory-Usage | GPU-Util  Compute M. |
|                                         |                        |               MIG M. |
|=========================================+========================+======================|
|   0  NVIDIA H100 PCIe               On  |   00000000:03:00.0 Off |                    0 |
| N/A   36C    P0             52W /  350W |       0MiB /  81559MiB |      0%      Default |
|                                         |                        |             Disabled |
+-----------------------------------------+------------------------+----------------------+
|   1  NVIDIA H100 PCIe               On  |   00000000:04:00.0 Off |                    0 |
| N/A   35C    P0             47W /  350W |       4MiB /  81559MiB |      0%      Default |
|                                         |                        |             Disabled |
+-----------------------------------------+------------------------+----------------------+
|   2  NVIDIA H100 PCIe               On  |   00000000:45:00.0 Off |                    0 |
| N/A   34C    P0             51W /  350W |       0MiB /  81559MiB |      0%      Default |
|                                         |                        |             Disabled |
+-----------------------------------------+------------------------+----------------------+
|   3  NVIDIA H100 PCIe               On  |   00000000:83:00.0 Off |                    0 |
| N/A   69C    P0            344W /  350W |   80956MiB /  81559MiB |    100%      Default |
|                                         |                        |             Disabled |
+-----------------------------------------+------------------------+----------------------+
|   4  NVIDIA H100 PCIe               On  |   00000000:C3:00.0 Off |                    0 |
| N/A   31C    P0             48W /  350W |       0MiB /  81559MiB |      0%      Default |
|                                         |                        |             Disabled |
+-----------------------------------------+------------------------+----------------------+
|   5  NVIDIA H100 PCIe               On  |   00000000:C4:00.0 Off |                    0 |
| N/A   32C    P0             48W /  350W |       0MiB /  81559MiB |      0%      Default |
|                                         |                        |             Disabled |
+-----------------------------------------+------------------------+----------------------+
                                                                                         
+-----------------------------------------------------------------------------------------+
| Processes:                                                                              |
|  GPU   GI   CI              PID   Type   Process name                        GPU Memory |
|        ID   ID                                                               Usage      |
|=========================================================================================|
|    3   N/A  N/A         1272904      C   python                                44394MiB |
|    3   N/A  N/A         2594294      C   python                                36548MiB |
+-----------------------------------------------------------------------------------------+
Python 3.9.25
Subset list not found; creating /geogfs1/groups/hkurs/u3666068mgh/Tallin/train_list_subset_4096.txt
scanned 1000/27556 samples
scanned 2000/27556 samples
scanned 3000/27556 samples
scanned 4000/27556 samples
scanned 5000/27556 samples
scanned 6000/27556 samples
scanned 7000/27556 samples
scanned 8000/27556 samples
scanned 9000/27556 samples
scanned 10000/27556 samples
scanned 11000/27556 samples
scanned 12000/27556 samples
scanned 13000/27556 samples
scanned 14000/27556 samples
scanned 15000/27556 samples
scanned 16000/27556 samples
scanned 17000/27556 samples
scanned 18000/27556 samples
scanned 19000/27556 samples
scanned 20000/27556 samples
scanned 21000/27556 samples
scanned 22000/27556 samples
scanned 23000/27556 samples
scanned 24000/27556 samples
scanned 25000/27556 samples
scanned 26000/27556 samples
scanned 27000/27556 samples
scanned 27556/27556 samples

Done
source samples: 27556
filtered samples: 27553
selected samples: 4096
dropped samples: 3
output_list: /geogfs1/groups/hkurs/u3666068mgh/Tallin/train_list_subset_4096.txt
report: /geogfs1/groups/hkurs/u3666068mgh/Tallin/train_list_subset_4096.report.json
estimated epoch minutes: 12.78
estimated total hours for 650 epochs: 138.49
Command: python -u train.py --cfg_file model_cfg.yaml --data_path /geogfs1/groups/hkurs/u3666068mgh/Tallin/train_list_subset_4096.txt --extra_tag tallin_subset_4096 --gpu 0
